<?xml version="1.0" encoding="UTF-8"?>
<testsuite name="DivisionTest" tests="1" skipped="0" failures="0" errors="0" timestamp="2019-05-24T07:31:54" hostname="LTTECH281" time="0.004">
  <properties/>
  <testcase name="NewDivisionObjectGetsCorrectlyCreated_true" classname="DivisionTest" time="0.004"/>
  <system-out><![CDATA[]]></system-out>
  <system-err><![CDATA[]]></system-err>
</testsuite>
